"Start of log file."
"C:/Users/student/DOCUME~1/Unity/TAKE_H~1/Assets/TREE_T~1/CHARAC~1.MAX"
"Starting max loading and fbx conversion"
window = undefined
"Settings units"
"Before fbx export"
"After fbx export"
"Finished max loading and fbx conversion"
"C:/Users/student/DOCUME~1/Unity/TAKE_H~1/Assets/TREE_T~1/CHARAC~1.MAX"
"Starting max loading and fbx conversion"
window = undefined
"Settings units"
"Before fbx export"
"After fbx export"
"Finished max loading and fbx conversion"
"C:/Users/student/DOCUME~1/Unity/TAKE_H~1/Assets/TREE_T~1/CHARAC~1.MAX"
"Starting max loading and fbx conversion"
window = undefined
"Settings units"
"Before fbx export"
"After fbx export"
"Finished max loading and fbx conversion"
